0 info it worked if it ends with ok
1 verbose cli [ '/Users/rlanier/.nvm/versions/node/v6.5.0/bin/node',
1 verbose cli   '/Users/rlanier/.nvm/versions/node/v6.5.0/bin/npm',
1 verbose cli   'run',
1 verbose cli   'start' ]
2 info using npm@4.0.2
3 info using node@v6.5.0
4 verbose run-script [ 'prestart', 'start', 'poststart' ]
5 info lifecycle server@1.0.0~prestart: server@1.0.0
6 silly lifecycle server@1.0.0~prestart: no script for prestart, continuing
7 info lifecycle server@1.0.0~start: server@1.0.0
8 verbose lifecycle server@1.0.0~start: unsafe-perm in lifecycle true
9 verbose lifecycle server@1.0.0~start: PATH: /Users/rlanier/.nvm/versions/node/v6.5.0/lib/node_modules/npm/bin/node-gyp-bin:/Users/rlanier/Projects/rssschema/server/node_modules/.bin:/Users/rlanier/.nvm/versions/node/v6.5.0/lib/node_modules/npm/bin/node-gyp-bin:/Users/rlanier/Projects/rssschema/server/node_modules/.bin:/Library/Frameworks/Python.framework/Versions/3.6/bin:/Users/rlanier/.nvm/versions/node/v6.5.0/bin:/usr/local/bin:/usr/bin:/bin:/usr/sbin:/sbin:/usr/local/Cellar/mysql/5.6.27/bin:/Users/rlanier/Library/Android/sdk/platform-tools:/Users/rlanier/.local/bin
10 verbose lifecycle server@1.0.0~start: CWD: /Users/rlanier/Projects/rssschema/server
11 silly lifecycle server@1.0.0~start: Args: [ '-c', 'babel-node server.js' ]
12 silly lifecycle server@1.0.0~start: Returned: code: 1  signal: null
13 info lifecycle server@1.0.0~start: Failed to exec start script
14 verbose stack Error: server@1.0.0 start: `babel-node server.js`
14 verbose stack Exit status 1
14 verbose stack     at EventEmitter.<anonymous> (/Users/rlanier/.nvm/versions/node/v6.5.0/lib/node_modules/npm/lib/utils/lifecycle.js:279:16)
14 verbose stack     at emitTwo (events.js:106:13)
14 verbose stack     at EventEmitter.emit (events.js:191:7)
14 verbose stack     at ChildProcess.<anonymous> (/Users/rlanier/.nvm/versions/node/v6.5.0/lib/node_modules/npm/lib/utils/spawn.js:40:14)
14 verbose stack     at emitTwo (events.js:106:13)
14 verbose stack     at ChildProcess.emit (events.js:191:7)
14 verbose stack     at maybeClose (internal/child_process.js:877:16)
14 verbose stack     at Process.ChildProcess._handle.onexit (internal/child_process.js:226:5)
15 verbose pkgid server@1.0.0
16 verbose cwd /Users/rlanier/Projects/rssschema/server
17 error Darwin 15.6.0
18 error argv "/Users/rlanier/.nvm/versions/node/v6.5.0/bin/node" "/Users/rlanier/.nvm/versions/node/v6.5.0/bin/npm" "run" "start"
19 error node v6.5.0
20 error npm  v4.0.2
21 error code ELIFECYCLE
22 error server@1.0.0 start: `babel-node server.js`
22 error Exit status 1
23 error Failed at the server@1.0.0 start script 'babel-node server.js'.
23 error Make sure you have the latest version of node.js and npm installed.
23 error If you do, this is most likely a problem with the server package,
23 error not with npm itself.
23 error Tell the author that this fails on your system:
23 error     babel-node server.js
23 error You can get information on how to open an issue for this project with:
23 error     npm bugs server
23 error Or if that isn't available, you can get their info via:
23 error     npm owner ls server
23 error There is likely additional logging output above.
24 verbose exit [ 1, true ]
